TN:
SF:lib/Patient.js
FN:11,(anonymous_0)
FNF:1
FNH:1
FNDA:22,(anonymous_0)
DA:7,1
DA:14,22
DA:15,22
DA:16,22
DA:17,22
DA:18,22
DA:19,22
DA:20,22
DA:21,22
DA:22,22
DA:23,22
DA:24,22
DA:25,22
DA:26,22
DA:27,22
DA:28,22
DA:29,22
DA:30,22
DA:31,22
DA:32,22
DA:33,22
DA:34,22
DA:35,22
DA:36,22
DA:40,1
LF:25
LH:25
BRDA:12,0,0,0
BRDA:12,1,0,22
BRDA:12,2,0,22
BRDA:12,3,0,22
BRDA:12,4,0,22
BRDA:12,5,0,22
BRDA:12,6,0,22
BRDA:12,7,0,22
BRDA:12,8,0,22
BRF:9
BRH:8
end_of_record
TN:
SF:lib/admin-contract.js
FN:14,(anonymous_0)
FN:23,(anonymous_1)
FN:38,(anonymous_2)
FN:44,(anonymous_3)
FNF:4
FNH:4
FNDA:2,(anonymous_0)
FNDA:22,(anonymous_1)
FNDA:5,(anonymous_2)
FNDA:5,(anonymous_3)
DA:6,1
DA:7,1
DA:15,2
DA:16,2
DA:17,1
DA:19,1
DA:24,22
DA:25,22
DA:26,22
DA:28,22
DA:29,1
DA:31,21
DA:32,21
DA:39,5
DA:40,5
DA:41,5
DA:44,32
DA:45,5
DA:46,8
DA:47,8
DA:58,5
DA:61,1
LF:22
LH:22
BRDA:16,0,0,1
BRDA:16,0,1,1
BRDA:28,1,0,1
BRDA:28,1,1,21
BRF:4
BRH:4
end_of_record
TN:
SF:lib/doctor-contract.js
FN:13,(anonymous_0)
FN:46,(anonymous_1)
FN:118,(anonymous_2)
FN:138,(anonymous_3)
FN:152,(anonymous_4)
FNF:5
FNH:5
FNDA:4,(anonymous_0)
FNDA:3,(anonymous_1)
FNDA:2,(anonymous_2)
FNDA:1,(anonymous_3)
FNDA:2,(anonymous_4)
DA:5,1
DA:6,1
DA:7,1
DA:15,4
DA:16,4
DA:17,4
DA:18,4
DA:21,4
DA:22,4
DA:23,1
DA:25,3
DA:42,3
DA:47,3
DA:48,3
DA:49,3
DA:50,3
DA:51,3
DA:52,3
DA:53,3
DA:54,3
DA:55,3
DA:56,3
DA:57,3
DA:58,3
DA:59,3
DA:60,3
DA:62,3
DA:63,3
DA:64,1
DA:67,2
DA:68,2
DA:69,2
DA:72,2
DA:73,2
DA:74,2
DA:77,2
DA:78,2
DA:79,2
DA:82,2
DA:83,2
DA:84,2
DA:87,2
DA:88,2
DA:89,2
DA:92,2
DA:93,2
DA:94,2
DA:97,2
DA:98,2
DA:99,2
DA:102,2
DA:103,2
DA:104,2
DA:107,2
DA:108,2
DA:111,2
DA:113,2
DA:114,2
DA:119,2
DA:120,2
DA:121,2
DA:123,2
DA:126,2
DA:127,2
DA:128,1
DA:131,1
DA:132,1
DA:134,1
DA:139,1
DA:140,1
DA:141,1
DA:142,1
DA:143,2
DA:144,2
DA:145,2
DA:149,1
DA:152,7
DA:153,2
DA:154,2
DA:155,3
DA:156,3
DA:160,3
DA:161,2
DA:168,3
DA:169,0
DA:171,3
DA:172,1
DA:179,1
DA:180,1
DA:182,3
DA:185,2
DA:189,1
LF:92
LH:91
BRDA:22,0,0,1
BRDA:22,0,1,3
BRDA:63,1,0,1
BRDA:63,1,1,2
BRDA:67,2,0,2
BRDA:67,2,1,0
BRDA:67,3,0,2
BRDA:67,3,1,2
BRDA:67,3,2,2
BRDA:72,4,0,2
BRDA:72,4,1,0
BRDA:72,5,0,2
BRDA:72,5,1,2
BRDA:72,5,2,2
BRDA:77,6,0,2
BRDA:77,6,1,0
BRDA:77,7,0,2
BRDA:77,7,1,2
BRDA:77,7,2,2
BRDA:82,8,0,2
BRDA:82,8,1,0
BRDA:82,9,0,2
BRDA:82,9,1,2
BRDA:82,9,2,2
BRDA:87,10,0,2
BRDA:87,10,1,0
BRDA:87,11,0,2
BRDA:87,11,1,2
BRDA:87,11,2,2
BRDA:92,12,0,2
BRDA:92,12,1,0
BRDA:92,13,0,2
BRDA:92,13,1,2
BRDA:92,13,2,2
BRDA:97,14,0,2
BRDA:97,14,1,0
BRDA:97,15,0,2
BRDA:97,15,1,2
BRDA:97,15,2,2
BRDA:102,16,0,2
BRDA:102,16,1,0
BRDA:102,17,0,2
BRDA:102,17,1,2
BRDA:102,17,2,2
BRDA:107,18,0,2
BRDA:107,18,1,0
BRDA:107,19,0,2
BRDA:107,19,1,2
BRDA:111,20,0,0
BRDA:111,20,1,2
BRDA:127,21,0,1
BRDA:127,21,1,1
BRDA:144,22,0,2
BRDA:144,22,1,0
BRDA:144,23,0,2
BRDA:144,23,1,2
BRDA:152,24,0,1
BRDA:152,25,0,1
BRDA:160,26,0,2
BRDA:160,26,1,1
BRDA:168,27,0,0
BRDA:168,27,1,3
BRDA:168,28,0,3
BRDA:168,28,1,1
BRDA:171,29,0,1
BRDA:171,29,1,2
BRF:66
BRH:54
end_of_record
TN:
SF:lib/patient-contract.js
FN:13,(anonymous_0)
FN:17,(anonymous_1)
FN:37,(anonymous_2)
FN:80,(anonymous_3)
FN:92,(anonymous_4)
FN:115,(anonymous_5)
FN:136,(anonymous_6)
FN:145,(anonymous_7)
FNF:8
FNH:8
FNDA:19,(anonymous_0)
FNDA:3,(anonymous_1)
FNDA:2,(anonymous_2)
FNDA:1,(anonymous_3)
FNDA:1,(anonymous_4)
FNDA:10,(anonymous_5)
FNDA:2,(anonymous_6)
FNDA:1,(anonymous_7)
DA:6,1
DA:7,1
DA:8,1
DA:9,1
DA:14,19
DA:19,3
DA:21,2
DA:33,2
DA:38,2
DA:39,2
DA:40,2
DA:41,2
DA:42,2
DA:43,2
DA:44,2
DA:45,2
DA:47,2
DA:49,1
DA:50,1
DA:53,1
DA:54,1
DA:55,1
DA:58,1
DA:59,1
DA:60,1
DA:63,1
DA:64,1
DA:65,1
DA:68,1
DA:69,1
DA:70,1
DA:73,1
DA:75,1
DA:76,1
DA:81,1
DA:82,1
DA:83,0
DA:86,1
DA:87,1
DA:88,1
DA:92,15
DA:93,1
DA:94,1
DA:95,1
DA:96,1
DA:108,1
DA:111,1
DA:116,10
DA:117,10
DA:118,10
DA:120,10
DA:122,9
DA:123,9
DA:124,9
DA:126,9
DA:128,9
DA:129,9
DA:130,9
DA:137,2
DA:138,2
DA:139,2
DA:142,2
DA:144,1
DA:145,1
DA:146,1
DA:148,1
DA:150,1
DA:151,1
DA:152,1
DA:156,1
LF:70
LH:69
BRDA:49,0,0,1
BRDA:49,0,1,0
BRDA:49,1,0,1
BRDA:49,1,1,1
BRDA:53,2,0,1
BRDA:53,2,1,0
BRDA:53,3,0,1
BRDA:53,3,1,1
BRDA:53,3,2,1
BRDA:58,4,0,1
BRDA:58,4,1,0
BRDA:58,5,0,1
BRDA:58,5,1,1
BRDA:58,5,2,1
BRDA:63,6,0,1
BRDA:63,6,1,0
BRDA:63,7,0,1
BRDA:63,7,1,1
BRDA:63,7,2,1
BRDA:68,8,0,1
BRDA:68,8,1,0
BRDA:68,9,0,1
BRDA:68,9,1,1
BRDA:68,9,2,1
BRDA:73,10,0,0
BRDA:73,10,1,1
BRDA:82,11,0,0
BRDA:82,11,1,1
BRDA:92,12,0,0
BRDA:122,13,0,9
BRDA:122,13,1,0
BRDA:144,14,0,1
BRDA:144,14,1,0
BRF:33
BRH:23
end_of_record
TN:
SF:lib/primary-contract.js
FN:16,(anonymous_0)
FN:25,(anonymous_1)
FN:31,(anonymous_2)
FN:67,(anonymous_3)
FNF:4
FNH:4
FNDA:6,(anonymous_0)
FNDA:55,(anonymous_1)
FNDA:30,(anonymous_2)
FNDA:8,(anonymous_3)
DA:9,1
DA:10,1
DA:11,1
DA:18,6
DA:19,11
DA:20,11
DA:26,55
DA:27,55
DA:32,30
DA:33,30
DA:34,6
DA:37,24
DA:38,24
DA:39,24
DA:63,24
DA:69,8
DA:70,8
DA:71,20
DA:72,20
DA:73,12
DA:74,12
DA:76,12
DA:77,12
DA:79,0
DA:81,12
DA:83,20
DA:84,8
DA:138,1
LF:28
LH:27
BRDA:27,0,0,55
BRDA:27,0,1,28
BRDA:33,1,0,6
BRDA:33,1,1,24
BRDA:72,2,0,12
BRDA:72,2,1,8
BRDA:72,3,0,20
BRDA:72,3,1,12
BRDA:83,4,0,8
BRDA:83,4,1,12
BRF:10
BRH:10
end_of_record
